TagLib: Could not open file /home/grace/music/cloud rap/Bladee/Eversince/1-06 Xd Out.mp3
TagLib: Could not open file /home/grace/music/cloud rap/Bladee/Eversince/1-06 Xd Out.mp3
TagLib: Could not open file /home/grace/music/cloud rap/Bladee/Eversince/1-06 Xd Out.mp3
TagLib: Could not open file /home/grace/music/new/716679820_lilac_velvet (strawberry hospital cover).mp3
TagLib: Could not open file /home/grace/music/cloud rap/Bladee/Red Light [2018]/01 - 1D.mp3
TagLib: Could not open file /home/grace/music/new/Black Kray - Banned 4 Life.mp3
TagLib: Could not open file /home/grace/music/new/Black Kray - Banned 4 Life.mp3
TagLib: Could not open file /home/grace/music/new/03. Black Kray - Fuck Money Stay Pretty.mp3
TagLib: Could not open file /home/grace/music/new/PRINCESS CUTS MAH WRIST [PROD BY SMITTYTHEBG].mp3
TagLib: Could not open file /home/grace/music/cloud rap/Black Kray/Ice Cream & Mac 10s/1-12 Ending Prayer Goth Luv.mp3
TagLib: Could not open file /home/grace/music/cloud rap/Black Kray/Ice Cream & Mac 10s/1-11 Uzi Edward$.mp3
TagLib: Could not open file /home/grace/music/cloud rap/Black Kray/Ice Cream & Mac 10s/1-10 Depressed Ocean.mp3
TagLib: Could not open file /home/grace/music/cloud rap/Black Kray/Ice Cream & Mac 10s/1-09 DennisRobbman.mp3
TagLib: Could not open file /home/grace/music/cloud rap/Black Kray/Ice Cream & Mac 10s/1-08 Don Cheadle.mp3
TagLib: Could not open file /home/grace/music/cloud rap/Black Kray/Ice Cream & Mac 10s/1-07 Iced out Castles.mp3
TagLib: Could not open file /home/grace/music/cloud rap/Black Kray/Ice Cream & Mac 10s/1-06 Texico Trappin.mp3
TagLib: Could not open file /home/grace/music/cloud rap/Black Kray/Ice Cream & Mac 10s/1-05 Robb Mah Hoe, Pt. 2.mp3
TagLib: Could not open file /home/grace/music/cloud rap/Black Kray/Ice Cream & Mac 10s/1-04 Gvcci Speedboats.mp3
TagLib: Could not open file /home/grace/music/cloud rap/Black Kray/Ice Cream & Mac 10s/1-03 Loui V Humma Truck.mp3
TagLib: Could not open file /home/grace/music/cloud rap/Black Kray/Ice Cream & Mac 10s/1-02 West Haux Stripclub.mp3
TagLib: Could not open file /home/grace/music/cloud rap/Black Kray/Ice Cream & Mac 10s/1-01 Open Prayer 9thward.mp3
TagLib: Could not open file /home/grace/music/new/Yng16.mp3
TagLib: Could not open file /home/grace/music/new/(readth) die alone.mp3
TagLib: Could not open file /home/grace/music/cloud rap/slay/Autumn!/Ils Verront/1-01 Recollections of Loyalty & Pain.mp3
TagLib: Could not open file /home/grace/music/new/#goonnshit.mp3
TagLib: Could not open file /home/grace/music/edm/unlucky/unlucky_4_never.mp3
TagLib: Could not open file /home/grace/music/edm/Aphex Twin/Selected Ambient Works Volume II/10 #10.mp3
TagLib: Could not open file /home/grace/music/cloud rap/kir/kiryano - psychic (full album)/kiryano - psychic (full album)_2_kiryano - rosey (prod. kiryano).mp3
TagLib: Could not open file /home/grace/music/edm/burial/Burial--Untrue (2007)/03 Near Dark.mp3
TagLib: Could not open file /home/grace/music/cloud rap/Reptilian Club Boyz/Reptilian Club Boys Bizzare Adventure/1-05 Mad Max.mp3
TagLib: Could not open file /home/grace/music/new/Weiland - 2AM (prod. Ginseng & Hector Vae).mp3
